<?xml version="1.0" encoding="UTF-8"?>
<testng-results total="1" passed="1" failed="0" skipped="0">
  <reporter-output>
  </reporter-output>
  <suite started-at="2021-06-05T17:05:47Z" name="Default suite" finished-at="2021-06-05T17:06:20Z" duration-ms="33192">
    <groups>
      <group name="cucumber">
        <method signature="AbstractTestNGCucumberTests.feature(cucumber.api.testng.CucumberFeatureWrapper)[pri:0, instance:runners.MainRunner@9573584]" name="feature" class="cucumber.api.testng.AbstractTestNGCucumberTests"/>
      </group> <!-- cucumber -->
    </groups>
    <test started-at="2021-06-05T17:05:47Z" name="Default test" finished-at="2021-06-05T17:06:20Z" duration-ms="33192">
      <class name="runners.MainRunner">
        <test-method is-config="true" signature="setUpClass()[pri:0, instance:runners.MainRunner@9573584]" started-at="2021-06-05T19:05:47Z" name="setUpClass" finished-at="2021-06-05T19:05:47Z" duration-ms="221" status="PASS">
          <reporter-output>
          </reporter-output>
        </test-method> <!-- setUpClass -->
        <test-method signature="feature(cucumber.api.testng.CucumberFeatureWrapper)[pri:0, instance:runners.MainRunner@9573584]" started-at="2021-06-05T19:05:47Z" name="feature" description="Runs Cucumber Feature" data-provider="features" finished-at="2021-06-05T19:06:20Z" duration-ms="32529" status="PASS">
          <params>
            <param index="0">
              <value>
                <![CDATA[Solution Menu]]>
              </value>
            </param>
          </params>
          <reporter-output>
          </reporter-output>
        </test-method> <!-- feature -->
        <test-method is-config="true" signature="writeExtentReport()[pri:0, instance:runners.MainRunner@9573584]" started-at="2021-06-05T19:06:20Z" name="writeExtentReport" finished-at="2021-06-05T19:06:20Z" duration-ms="27" status="PASS">
          <reporter-output>
          </reporter-output>
        </test-method> <!-- writeExtentReport -->
        <test-method is-config="true" signature="tearDownClass()[pri:0, instance:runners.MainRunner@9573584]" started-at="2021-06-05T19:06:20Z" name="tearDownClass" finished-at="2021-06-05T19:06:20Z" duration-ms="343" status="PASS">
          <reporter-output>
          </reporter-output>
        </test-method> <!-- tearDownClass -->
      </class> <!-- runners.MainRunner -->
    </test> <!-- Default test -->
  </suite> <!-- Default suite -->
</testng-results>
